L:\DEVELOP\VVVVPLUGIN\MINOPLUGINS\ANTTWEAKBARNODES\RELEASE\.NETFRAMEWORK,VERSION=V4.0.ASSEMBLYATTRIBUTES.OBJ
L:\DEVELOP\VVVVPLUGIN\MINOPLUGINS\ANTTWEAKBARNODES\RELEASE\ANTTWEAKBARNODES.DLL
L:\DEVELOP\VVVVPLUGIN\MINOPLUGINS\ANTTWEAKBARNODES\RELEASE\ANTTWEAKBARNODES.DLL.INTERMEDIATE.MANIFEST
L:\DEVELOP\VVVVPLUGIN\MINOPLUGINS\ANTTWEAKBARNODES\RELEASE\ANTTWEAKBARNODES.PCH
L:\DEVELOP\VVVVPLUGIN\MINOPLUGINS\ANTTWEAKBARNODES\RELEASE\ANTTWEAKBARNODES.PDB
L:\develop\vvvvPlugin\minoPlugins\AntTweakBarNodes\Release\AntTweakBarNodes.write.1.tlog
L:\DEVELOP\VVVVPLUGIN\MINOPLUGINS\ANTTWEAKBARNODES\RELEASE\APP.RES
L:\DEVELOP\VVVVPLUGIN\MINOPLUGINS\ANTTWEAKBARNODES\RELEASE\ASSEMBLYINFO.OBJ
L:\develop\vvvvPlugin\minoPlugins\AntTweakBarNodes\Release\cl.command.1.tlog
L:\develop\vvvvPlugin\minoPlugins\AntTweakBarNodes\Release\CL.read.1.tlog
L:\develop\vvvvPlugin\minoPlugins\AntTweakBarNodes\Release\CL.write.1.tlog
L:\DEVELOP\VVVVPLUGIN\MINOPLUGINS\ANTTWEAKBARNODES\RELEASE\GETVARIABLENODE.OBJ
L:\develop\vvvvPlugin\minoPlugins\AntTweakBarNodes\Release\link.command.1.tlog
L:\develop\vvvvPlugin\minoPlugins\AntTweakBarNodes\Release\link.read.1.tlog
L:\develop\vvvvPlugin\minoPlugins\AntTweakBarNodes\Release\link.write.1.tlog
L:\develop\vvvvPlugin\minoPlugins\AntTweakBarNodes\Release\link-cvtres.read.1.tlog
L:\develop\vvvvPlugin\minoPlugins\AntTweakBarNodes\Release\link-cvtres.write.1.tlog
L:\develop\vvvvPlugin\minoPlugins\AntTweakBarNodes\Release\mt.command.1.tlog
L:\develop\vvvvPlugin\minoPlugins\AntTweakBarNodes\Release\mt.read.1.tlog
L:\develop\vvvvPlugin\minoPlugins\AntTweakBarNodes\Release\mt.write.1.tlog
L:\develop\vvvvPlugin\minoPlugins\AntTweakBarNodes\Release\rc.command.1.tlog
L:\develop\vvvvPlugin\minoPlugins\AntTweakBarNodes\Release\rc.read.1.tlog
L:\develop\vvvvPlugin\minoPlugins\AntTweakBarNodes\Release\rc.write.1.tlog
L:\DEVELOP\VVVVPLUGIN\MINOPLUGINS\ANTTWEAKBARNODES\RELEASE\STDAFX.OBJ
L:\DEVELOP\VVVVPLUGIN\MINOPLUGINS\ANTTWEAKBARNODES\RELEASE\TWEAKBARNODE.OBJ
L:\DEVELOP\VVVVPLUGIN\MINOPLUGINS\ANTTWEAKBARNODES\RELEASE\TWEAKBARVARIABLES.OBJ
L:\DEVELOP\VVVVPLUGIN\MINOPLUGINS\ANTTWEAKBARNODES\RELEASE\VC100.PDB
